<?xml version="1.0" encoding="UTF-8"?>
<!-- Generated by org.testng.reporters.JUnitXMLReporter -->
<testsuite hostname="Swarnendu-PC" name="Surefire test" tests="3" failures="0" timestamp="6 Jun 2016 14:23:37 GMT" time="36.888" errors="0">
  <testcase name="f" time="0.001" classname="com.webdriver.maventest.test.demoTest"/>
  <testcase name="calculateValue" time="2.001" classname="com.webdriver.maventest.test.FirstTest"/>
  <testcase name="assertValue" time="2.001" classname="com.webdriver.maventest.test.FirstTest"/>
</testsuite> <!-- Surefire test -->
