<?xml version="1.0" encoding="UTF-8"?>
<!-- Generated by org.testng.reporters.JUnitXMLReporter -->
<testsuite hostname="Swarnendu-PC" name="Surefire test" tests="3" failures="0" timestamp="6 Jun 2016 12:38:15 GMT" time="36.98" errors="0">
  <testcase name="f" time="0.001" classname="com.webdriver.maventest.test.demoTest"/>
  <testcase name="calculateValue" time="2.0" classname="com.webdriver.maventest.test.FirstTest"/>
  <testcase name="ssertValue" time="2.001" classname="com.webdriver.maventest.test.FirstTest"/>
</testsuite> <!-- Surefire test -->
