<?xml version="1.0" encoding="UTF-8"?>
<testng-results skipped="0" failed="0" total="3" passed="3">
  <reporter-output>
  </reporter-output>
  <suite name="Surefire suite" duration-ms="51033" started-at="2016-06-06T13:32:18Z" finished-at="2016-06-06T13:33:09Z">
    <groups>
    </groups>
    <test name="Surefire test" duration-ms="51033" started-at="2016-06-06T13:32:18Z" finished-at="2016-06-06T13:33:09Z">
      <class name="com.webdriver.maventest.test.demoTest">
        <test-method status="PASS" signature="f()[pri:0, instance:com.webdriver.maventest.test.demoTest@391b0c]" name="f" duration-ms="1" started-at="2016-06-06T19:02:51Z" finished-at="2016-06-06T19:02:51Z">
          <reporter-output>
          </reporter-output>
        </test-method> <!-- f -->
      </class> <!-- com.webdriver.maventest.test.demoTest -->
      <class name="com.webdriver.maventest.test.FirstTest">
        <test-method status="PASS" signature="beforeTest()[pri:0, instance:com.webdriver.maventest.test.FirstTest@11eb50b]" name="beforeTest" is-config="true" duration-ms="32992" started-at="2016-06-06T19:02:18Z" finished-at="2016-06-06T19:02:51Z">
          <reporter-output>
          </reporter-output>
        </test-method> <!-- beforeTest -->
        <test-method status="PASS" signature="beforeTest()[pri:0, instance:com.webdriver.maventest.test.demoTest@391b0c]" name="beforeTest" is-config="true" duration-ms="0" started-at="2016-06-06T19:02:51Z" finished-at="2016-06-06T19:02:51Z">
          <reporter-output>
          </reporter-output>
        </test-method> <!-- beforeTest -->
        <test-method status="PASS" signature="calculateValue()[pri:1, instance:com.webdriver.maventest.test.FirstTest@11eb50b]" name="calculateValue" duration-ms="2000" started-at="2016-06-06T19:02:51Z" finished-at="2016-06-06T19:02:53Z">
          <reporter-output>
          </reporter-output>
        </test-method> <!-- calculateValue -->
        <test-method status="PASS" signature="ssertValue()[pri:2, instance:com.webdriver.maventest.test.FirstTest@11eb50b]" name="ssertValue" duration-ms="2000" started-at="2016-06-06T19:02:53Z" finished-at="2016-06-06T19:02:55Z">
          <reporter-output>
          </reporter-output>
        </test-method> <!-- ssertValue -->
        <test-method status="PASS" signature="afterTest()[pri:0, instance:com.webdriver.maventest.test.FirstTest@11eb50b]" name="afterTest" is-config="true" duration-ms="13925" started-at="2016-06-06T19:02:55Z" finished-at="2016-06-06T19:03:09Z">
          <reporter-output>
          </reporter-output>
        </test-method> <!-- afterTest -->
        <test-method status="PASS" signature="afterTest()[pri:0, instance:com.webdriver.maventest.test.demoTest@391b0c]" name="afterTest" is-config="true" duration-ms="0" started-at="2016-06-06T19:03:09Z" finished-at="2016-06-06T19:03:09Z">
          <reporter-output>
          </reporter-output>
        </test-method> <!-- afterTest -->
      </class> <!-- com.webdriver.maventest.test.FirstTest -->
    </test> <!-- Surefire test -->
  </suite> <!-- Surefire suite -->
</testng-results>
