<?xml version="1.0" encoding="UTF-8"?>
<testng-results skipped="0" failed="0" total="1" passed="1">
  <reporter-output>
  </reporter-output>
  <suite name="Suite" duration-ms="20" started-at="2015-09-22T13:22:25Z" finished-at="2015-09-22T13:22:25Z">
    <groups>
    </groups>
    <test name="test" duration-ms="20" started-at="2015-09-22T13:22:25Z" finished-at="2015-09-22T13:22:25Z">
      <class name="com.webdriver.maventest.test.demotest">
        <test-method status="PASS" signature="beforeTest()[pri:0, instance:com.webdriver.maventest.test.demotest@1904b13]" name="beforeTest" is-config="true" duration-ms="10" started-at="2015-09-22T18:52:25Z" finished-at="2015-09-22T18:52:25Z">
          <reporter-output>
          </reporter-output>
        </test-method> <!-- beforeTest -->
        <test-method status="PASS" signature="afterTest()[pri:0, instance:com.webdriver.maventest.test.demotest@1904b13]" name="afterTest" is-config="true" duration-ms="0" started-at="2015-09-22T18:52:25Z" finished-at="2015-09-22T18:52:25Z">
          <reporter-output>
          </reporter-output>
        </test-method> <!-- afterTest -->
        <test-method status="PASS" signature="f()[pri:0, instance:com.webdriver.maventest.test.demotest@1904b13]" name="f" duration-ms="0" started-at="2015-09-22T18:52:25Z" finished-at="2015-09-22T18:52:25Z">
          <reporter-output>
          </reporter-output>
        </test-method> <!-- f -->
      </class> <!-- com.webdriver.maventest.test.demotest -->
    </test> <!-- test -->
  </suite> <!-- Suite -->
</testng-results>
